#! /usr/local/iverilog/bin/vvp
:ivl_version "11.0 (devel)" "(s20150603-642-g3bdb50da)";
:ivl_delay_selection "TYPICAL";
:vpi_time_precision + 0;
:vpi_module "system";
:vpi_module "vhdl_sys";
:vpi_module "vhdl_textio";
:vpi_module "v2005_math";
:vpi_module "va_math";
S_00000000008bb530 .scope module, "mips_testbench" "mips_testbench" 2 3;
 .timescale 0 0;
v00000000009211a0_0 .var "clock", 0 0;
S_00000000008bba40 .scope module, "test" "mips_core" 2 8, 3 12 0, S_00000000008bb530;
 .timescale 0 0;
    .port_info 0 /INPUT 1 "clock";
v000000000091cd30_0 .net "MemRead", 0 0, v000000000091c970_0;  1 drivers
v000000000091cdd0_0 .net "MemWrite", 0 0, v000000000091bb10_0;  1 drivers
v000000000091cf10_0 .var "PC", 31 0;
v000000000091b070_0 .net "RegDst", 0 0, v000000000091b610_0;  1 drivers
v000000000091b4d0_0 .net "RegRead", 0 0, v000000000091cab0_0;  1 drivers
v000000000091b6b0_0 .net "RegWrite", 0 0, v000000000091b110_0;  1 drivers
v000000000091b7f0_0 .net "address", 25 0, v000000000091c1f0_0;  1 drivers
RS_00000000008c27f8 .resolv tri, v000000000086b8e0_0, v000000000091c8d0_0;
v000000000091b890_0 .net8 "branch_signal", 0 0, RS_00000000008c27f8;  2 drivers
v000000000091bbb0_0 .net "clock", 0 0, v00000000009211a0_0;  1 drivers
v0000000000920e80_0 .net "funct", 5 0, v000000000091b430_0;  1 drivers
v00000000009212e0_0 .net "immediate", 15 0, v000000000091c290_0;  1 drivers
v00000000009200c0_0 .net "instruction", 31 0, v000000000091c150_0;  1 drivers
v0000000000921740_0 .net "memory_read_data", 31 0, v000000000091c6f0_0;  1 drivers
v0000000000920200_0 .net "opcode", 5 0, L_000000000091fa80;  1 drivers
v0000000000920d40_0 .net "rd", 4 0, v000000000091c650_0;  1 drivers
v0000000000920840_0 .net "rs", 4 0, v000000000091c830_0;  1 drivers
v000000000091f8a0_0 .net "rs_content", 31 0, v000000000091ca10_0;  1 drivers
v00000000009202a0_0 .net "rt", 4 0, v000000000091ce70_0;  1 drivers
v0000000000920020_0 .net "rt_content", 31 0, v000000000091b9d0_0;  1 drivers
v0000000000920de0_0 .net "shamt", 4 0, v000000000091b570_0;  1 drivers
v0000000000920700_0 .net "write_data", 31 0, v000000000086c240_0;  1 drivers
E_00000000008b7b60 .event posedge, v000000000091bbb0_0;
S_000000000087a990 .scope module, "alu_process" "ALU32bit" 3 46, 4 5 0, S_00000000008bba40;
 .timescale 0 0;
    .port_info 0 /OUTPUT 32 "ALU_result";
    .port_info 1 /OUTPUT 1 "sig_branch";
    .port_info 2 /INPUT 6 "opcode";
    .port_info 3 /INPUT 32 "rs_content";
    .port_info 4 /INPUT 32 "rt_content";
    .port_info 5 /INPUT 5 "shamt";
    .port_info 6 /INPUT 6 "funct";
    .port_info 7 /INPUT 16 "immediate";
v000000000086c240_0 .var "ALU_result", 31 0;
v000000000086b480_0 .net "funct", 5 0, v000000000091b430_0;  alias, 1 drivers
v000000000086b5c0_0 .var/i "i", 31 0;
v000000000086b700_0 .net "immediate", 15 0, v000000000091c290_0;  alias, 1 drivers
v000000000086bca0_0 .net "opcode", 5 0, L_000000000091fa80;  alias, 1 drivers
v000000000086c100_0 .net "rs_content", 31 0, v000000000091ca10_0;  alias, 1 drivers
v000000000086b980_0 .net "rt_content", 31 0, v000000000091b9d0_0;  alias, 1 drivers
v000000000086b840_0 .net "shamt", 4 0, v000000000091b570_0;  alias, 1 drivers
v000000000086b8e0_0 .var "sig_branch", 0 0;
v000000000086bac0_0 .var "signExtend", 31 0;
v000000000086bb60_0 .var/s "signed_rs", 31 0;
v000000000086bc00_0 .var/s "signed_rt", 31 0;
v000000000091c330_0 .var/s "temp", 31 0;
v000000000091b2f0_0 .var "zeroExtend", 31 0;
E_00000000008b75e0/0 .event edge, v000000000086b700_0, v000000000086b840_0, v000000000086b980_0, v000000000086c100_0;
E_00000000008b75e0/1 .event edge, v000000000086b480_0;
E_00000000008b75e0 .event/or E_00000000008b75e0/0, E_00000000008b75e0/1;
S_000000000087ab20 .scope module, "contents" "read_registers" 3 50, 5 4 0, S_00000000008bba40;
 .timescale 0 0;
    .port_info 0 /OUTPUT 32 "read_data_1";
    .port_info 1 /OUTPUT 32 "read_data_2";
    .port_info 2 /INPUT 32 "write_data";
    .port_info 3 /INPUT 5 "rs";
    .port_info 4 /INPUT 5 "rt";
    .port_info 5 /INPUT 5 "rd";
    .port_info 6 /INPUT 6 "opcode";
    .port_info 7 /INPUT 1 "RegRead";
    .port_info 8 /INPUT 1 "RegWrite";
    .port_info 9 /INPUT 1 "RegDst";
v000000000091b1b0_0 .net "RegDst", 0 0, v000000000091b610_0;  alias, 1 drivers
v000000000091bd90_0 .net "RegRead", 0 0, v000000000091cab0_0;  alias, 1 drivers
v000000000091bed0_0 .net "RegWrite", 0 0, v000000000091b110_0;  alias, 1 drivers
v000000000091b930_0 .net "opcode", 5 0, L_000000000091fa80;  alias, 1 drivers
v000000000091b390_0 .net "rd", 4 0, v000000000091c650_0;  alias, 1 drivers
v000000000091ca10_0 .var "read_data_1", 31 0;
v000000000091b9d0_0 .var "read_data_2", 31 0;
v000000000091b750 .array "registers", 0 31, 31 0;
v000000000091bf70_0 .net "rs", 4 0, v000000000091c830_0;  alias, 1 drivers
v000000000091cbf0_0 .net "rt", 4 0, v000000000091ce70_0;  alias, 1 drivers
v000000000091c3d0_0 .net "write_data", 31 0, v000000000086c240_0;  alias, 1 drivers
E_00000000008b7f20 .event edge, v000000000091cbf0_0, v000000000091bf70_0;
E_00000000008b7ca0 .event edge, v000000000086c240_0;
S_000000000089b780 .scope module, "dataMemory" "read_data_memory" 3 48, 6 4 0, S_00000000008bba40;
 .timescale 0 0;
    .port_info 0 /OUTPUT 32 "read_data";
    .port_info 1 /INPUT 32 "address";
    .port_info 2 /INPUT 32 "write_data";
    .port_info 3 /INPUT 6 "opcode";
    .port_info 4 /INPUT 1 "MemRead";
    .port_info 5 /INPUT 1 "MemWrite";
v000000000091c470_0 .net "MemRead", 0 0, v000000000091c970_0;  alias, 1 drivers
v000000000091c0b0_0 .net "MemWrite", 0 0, v000000000091bb10_0;  alias, 1 drivers
v000000000091b250_0 .net "address", 31 0, v000000000086c240_0;  alias, 1 drivers
v000000000091be30 .array "data_mem", 0 255, 31 0;
v000000000091c010_0 .net "opcode", 5 0, L_000000000091fa80;  alias, 1 drivers
v000000000091c6f0_0 .var "read_data", 31 0;
v000000000091bc50_0 .net "write_data", 31 0, v000000000091b9d0_0;  alias, 1 drivers
S_000000000089b910 .scope module, "inst_mem" "read_instructions" 3 39, 7 4 0, S_00000000008bba40;
 .timescale 0 0;
    .port_info 0 /OUTPUT 32 "instruction";
    .port_info 1 /INPUT 32 "program_counter";
v000000000091c150_0 .var "instruction", 31 0;
v000000000091ba70 .array "instructions", 0 255, 31 0;
v000000000091bcf0_0 .net "program_counter", 31 0, v000000000091cf10_0;  1 drivers
E_00000000008b8060 .event edge, v000000000091bcf0_0;
S_00000000008ac970 .scope module, "parse" "ins_parse" 3 41, 8 4 0, S_00000000008bba40;
 .timescale 0 0;
    .port_info 0 /OUTPUT 6 "opcode";
    .port_info 1 /OUTPUT 5 "rs";
    .port_info 2 /OUTPUT 5 "rt";
    .port_info 3 /OUTPUT 5 "rd";
    .port_info 4 /OUTPUT 5 "shamt";
    .port_info 5 /OUTPUT 6 "funct";
    .port_info 6 /OUTPUT 16 "immediate";
    .port_info 7 /OUTPUT 26 "address";
    .port_info 8 /INPUT 32 "instruction";
    .port_info 9 /INPUT 32 "p_count";
v000000000091c1f0_0 .var "address", 25 0;
v000000000091b430_0 .var "funct", 5 0;
v000000000091c290_0 .var "immediate", 15 0;
v000000000091c510_0 .net "instruction", 31 0, v000000000091c150_0;  alias, 1 drivers
v000000000091c790_0 .net "opcode", 5 0, L_000000000091fa80;  alias, 1 drivers
v000000000091c5b0_0 .net "p_count", 31 0, v000000000091cf10_0;  alias, 1 drivers
v000000000091c650_0 .var "rd", 4 0;
v000000000091c830_0 .var "rs", 4 0;
v000000000091ce70_0 .var "rt", 4 0;
v000000000091b570_0 .var "shamt", 4 0;
E_00000000008b7de0 .event edge, v000000000091c150_0;
L_000000000091fa80 .part v000000000091c150_0, 26, 6;
S_00000000008acb00 .scope module, "signals" "control_unit" 3 43, 9 13 0, S_00000000008bba40;
 .timescale 0 0;
    .port_info 0 /OUTPUT 1 "RegRead";
    .port_info 1 /OUTPUT 1 "RegWrite";
    .port_info 2 /OUTPUT 1 "MemRead";
    .port_info 3 /OUTPUT 1 "MemWrite";
    .port_info 4 /OUTPUT 1 "RegDst";
    .port_info 5 /OUTPUT 1 "Branch";
    .port_info 6 /INPUT 6 "opcode";
    .port_info 7 /INPUT 6 "funct";
v000000000091c8d0_0 .var "Branch", 0 0;
v000000000091c970_0 .var "MemRead", 0 0;
v000000000091bb10_0 .var "MemWrite", 0 0;
v000000000091b610_0 .var "RegDst", 0 0;
v000000000091cab0_0 .var "RegRead", 0 0;
v000000000091b110_0 .var "RegWrite", 0 0;
v000000000091cb50_0 .net "funct", 5 0, v000000000091b430_0;  alias, 1 drivers
v000000000091cc90_0 .net "opcode", 5 0, L_000000000091fa80;  alias, 1 drivers
E_00000000008b80a0 .event edge, v000000000086b480_0, v000000000086bca0_0;
    .scope S_000000000089b910;
T_0 ;
    %vpi_call 7 12 "$readmemb", "instructions.mem", v000000000091ba70, 32'sb00000000000000000000000000000110, 32'sb00000000000000000000000000000000 {0 0 0};
    %end;
    .thread T_0;
    .scope S_000000000089b910;
T_1 ;
    %wait E_00000000008b8060;
    %ix/getv 4, v000000000091bcf0_0;
    %load/vec4a v000000000091ba70, 4;
    %store/vec4 v000000000091c150_0, 0, 32;
    %jmp T_1;
    .thread T_1, $push;
    .scope S_00000000008ac970;
T_2 ;
    %wait E_00000000008b7de0;
    %load/vec4 v000000000091c790_0;
    %cmpi/e 0, 0, 6;
    %jmp/0xz  T_2.0, 4;
    %load/vec4 v000000000091c510_0;
    %parti/s 5, 6, 4;
    %store/vec4 v000000000091b570_0, 0, 5;
    %load/vec4 v000000000091c510_0;
    %parti/s 5, 11, 5;
    %store/vec4 v000000000091c650_0, 0, 5;
    %load/vec4 v000000000091c510_0;
    %parti/s 5, 16, 6;
    %store/vec4 v000000000091ce70_0, 0, 5;
    %load/vec4 v000000000091c510_0;
    %parti/s 5, 21, 6;
    %store/vec4 v000000000091c830_0, 0, 5;
    %load/vec4 v000000000091c510_0;
    %parti/s 6, 0, 2;
    %store/vec4 v000000000091b430_0, 0, 6;
    %jmp T_2.1;
T_2.0 ;
    %load/vec4 v000000000091c790_0;
    %pushi/vec4 2, 0, 6;
    %cmp/e;
    %flag_get/vec4 4;
    %load/vec4 v000000000091c790_0;
    %pushi/vec4 3, 0, 6;
    %cmp/e;
    %flag_get/vec4 4;
    %or;
    %flag_set/vec4 8;
    %jmp/0xz  T_2.2, 8;
    %load/vec4 v000000000091c510_0;
    %parti/s 26, 0, 2;
    %store/vec4 v000000000091c1f0_0, 0, 26;
    %jmp T_2.3;
T_2.2 ;
    %load/vec4 v000000000091c510_0;
    %parti/s 5, 16, 6;
    %store/vec4 v000000000091ce70_0, 0, 5;
    %load/vec4 v000000000091c510_0;
    %parti/s 5, 21, 6;
    %store/vec4 v000000000091c830_0, 0, 5;
    %load/vec4 v000000000091c510_0;
    %parti/s 16, 0, 2;
    %store/vec4 v000000000091c290_0, 0, 16;
T_2.3 ;
T_2.1 ;
    %jmp T_2;
    .thread T_2, $push;
    .scope S_00000000008acb00;
T_3 ;
    %wait E_00000000008b80a0;
    %pushi/vec4 0, 0, 1;
    %store/vec4 v000000000091c970_0, 0, 1;
    %pushi/vec4 0, 0, 1;
    %store/vec4 v000000000091bb10_0, 0, 1;
    %pushi/vec4 0, 0, 1;
    %store/vec4 v000000000091b110_0, 0, 1;
    %pushi/vec4 0, 0, 1;
    %store/vec4 v000000000091cab0_0, 0, 1;
    %pushi/vec4 0, 0, 1;
    %store/vec4 v000000000091b610_0, 0, 1;
    %pushi/vec4 0, 0, 1;
    %store/vec4 v000000000091c8d0_0, 0, 1;
    %load/vec4 v000000000091cc90_0;
    %cmpi/e 0, 0, 6;
    %jmp/0xz  T_3.0, 4;
    %pushi/vec4 1, 0, 1;
    %store/vec4 v000000000091b610_0, 0, 1;
    %pushi/vec4 1, 0, 1;
    %store/vec4 v000000000091cab0_0, 0, 1;
    %load/vec4 v000000000091cb50_0;
    %cmpi/ne 8, 0, 6;
    %jmp/0xz  T_3.2, 4;
    %pushi/vec4 1, 0, 1;
    %store/vec4 v000000000091b110_0, 0, 1;
T_3.2 ;
T_3.0 ;
    %load/vec4 v000000000091cc90_0;
    %cmpi/ne 15, 0, 6;
    %jmp/0xz  T_3.4, 4;
    %pushi/vec4 1, 0, 1;
    %store/vec4 v000000000091cab0_0, 0, 1;
T_3.4 ;
    %load/vec4 v000000000091cc90_0;
    %pushi/vec4 0, 0, 6;
    %cmp/ne;
    %flag_get/vec4 4;
    %load/vec4 v000000000091cc90_0;
    %pushi/vec4 4, 0, 6;
    %cmp/ne;
    %flag_get/vec4 4;
    %and;
    %load/vec4 v000000000091cc90_0;
    %pushi/vec4 5, 0, 6;
    %cmp/ne;
    %flag_get/vec4 4;
    %and;
    %load/vec4 v000000000091cc90_0;
    %pushi/vec4 40, 0, 6;
    %cmp/ne;
    %flag_get/vec4 4;
    %and;
    %load/vec4 v000000000091cc90_0;
    %pushi/vec4 41, 0, 6;
    %cmp/ne;
    %flag_get/vec4 4;
    %and;
    %load/vec4 v000000000091cc90_0;
    %pushi/vec4 43, 0, 6;
    %cmp/ne;
    %flag_get/vec4 4;
    %and;
    %flag_set/vec4 8;
    %jmp/0xz  T_3.6, 8;
    %pushi/vec4 1, 0, 1;
    %store/vec4 v000000000091b110_0, 0, 1;
    %pushi/vec4 0, 0, 1;
    %store/vec4 v000000000091b610_0, 0, 1;
T_3.6 ;
    %load/vec4 v000000000091cc90_0;
    %pushi/vec4 4, 0, 6;
    %cmp/e;
    %flag_get/vec4 4;
    %load/vec4 v000000000091cc90_0;
    %pushi/vec4 5, 0, 6;
    %cmp/e;
    %flag_get/vec4 4;
    %or;
    %flag_set/vec4 8;
    %jmp/0xz  T_3.8, 8;
    %pushi/vec4 1, 0, 1;
    %store/vec4 v000000000091c8d0_0, 0, 1;
T_3.8 ;
    %load/vec4 v000000000091cc90_0;
    %pushi/vec4 0, 0, 6;
    %cmp/ne;
    %flag_get/vec4 4;
    %load/vec4 v000000000091cc90_0;
    %pushi/vec4 40, 0, 6;
    %cmp/e;
    %flag_get/vec4 4;
    %load/vec4 v000000000091cc90_0;
    %pushi/vec4 41, 0, 6;
    %cmp/e;
    %flag_get/vec4 4;
    %or;
    %load/vec4 v000000000091cc90_0;
    %pushi/vec4 43, 0, 6;
    %cmp/e;
    %flag_get/vec4 4;
    %or;
    %and;
    %flag_set/vec4 8;
    %jmp/0xz  T_3.10, 8;
    %pushi/vec4 1, 0, 1;
    %store/vec4 v000000000091bb10_0, 0, 1;
    %pushi/vec4 1, 0, 1;
    %store/vec4 v000000000091cab0_0, 0, 1;
T_3.10 ;
    %load/vec4 v000000000091cc90_0;
    %pushi/vec4 0, 0, 6;
    %cmp/ne;
    %flag_get/vec4 4;
    %load/vec4 v000000000091cc90_0;
    %pushi/vec4 35, 0, 6;
    %cmp/e;
    %flag_get/vec4 4;
    %and;
    %flag_set/vec4 8;
    %jmp/0xz  T_3.12, 8;
    %pushi/vec4 1, 0, 1;
    %store/vec4 v000000000091c970_0, 0, 1;
T_3.12 ;
    %jmp T_3;
    .thread T_3, $push;
    .scope S_000000000087a990;
T_4 ;
    %wait E_00000000008b75e0;
    %load/vec4 v000000000086c100_0;
    %store/vec4 v000000000086bb60_0, 0, 32;
    %load/vec4 v000000000086b980_0;
    %store/vec4 v000000000086bc00_0, 0, 32;
    %load/vec4 v000000000086bca0_0;
    %cmpi/e 0, 0, 6;
    %jmp/0xz  T_4.0, 4;
    %load/vec4 v000000000086b480_0;
    %dup/vec4;
    %pushi/vec4 32, 0, 6;
    %cmp/u;
    %jmp/1 T_4.2, 6;
    %dup/vec4;
    %pushi/vec4 33, 0, 6;
    %cmp/u;
    %jmp/1 T_4.3, 6;
    %dup/vec4;
    %pushi/vec4 34, 0, 6;
    %cmp/u;
    %jmp/1 T_4.4, 6;
    %dup/vec4;
    %pushi/vec4 35, 0, 6;
    %cmp/u;
    %jmp/1 T_4.5, 6;
    %dup/vec4;
    %pushi/vec4 36, 0, 6;
    %cmp/u;
    %jmp/1 T_4.6, 6;
    %dup/vec4;
    %pushi/vec4 37, 0, 6;
    %cmp/u;
    %jmp/1 T_4.7, 6;
    %dup/vec4;
    %pushi/vec4 39, 0, 6;
    %cmp/u;
    %jmp/1 T_4.8, 6;
    %dup/vec4;
    %pushi/vec4 3, 0, 6;
    %cmp/u;
    %jmp/1 T_4.9, 6;
    %dup/vec4;
    %pushi/vec4 2, 0, 6;
    %cmp/u;
    %jmp/1 T_4.10, 6;
    %dup/vec4;
    %pushi/vec4 0, 0, 6;
    %cmp/u;
    %jmp/1 T_4.11, 6;
    %dup/vec4;
    %pushi/vec4 43, 0, 6;
    %cmp/u;
    %jmp/1 T_4.12, 6;
    %dup/vec4;
    %pushi/vec4 42, 0, 6;
    %cmp/u;
    %jmp/1 T_4.13, 6;
    %jmp T_4.14;
T_4.2 ;
    %load/vec4 v000000000086bb60_0;
    %load/vec4 v000000000086bc00_0;
    %add;
    %store/vec4 v000000000086c240_0, 0, 32;
    %jmp T_4.14;
T_4.3 ;
    %load/vec4 v000000000086c100_0;
    %load/vec4 v000000000086b980_0;
    %add;
    %store/vec4 v000000000086c240_0, 0, 32;
    %jmp T_4.14;
T_4.4 ;
    %load/vec4 v000000000086bb60_0;
    %load/vec4 v000000000086bc00_0;
    %sub;
    %store/vec4 v000000000086c240_0, 0, 32;
    %jmp T_4.14;
T_4.5 ;
    %load/vec4 v000000000086c100_0;
    %load/vec4 v000000000086b980_0;
    %sub;
    %store/vec4 v000000000086c240_0, 0, 32;
    %jmp T_4.14;
T_4.6 ;
    %load/vec4 v000000000086c100_0;
    %load/vec4 v000000000086b980_0;
    %and;
    %store/vec4 v000000000086c240_0, 0, 32;
    %jmp T_4.14;
T_4.7 ;
    %load/vec4 v000000000086c100_0;
    %load/vec4 v000000000086b980_0;
    %or;
    %store/vec4 v000000000086c240_0, 0, 32;
    %jmp T_4.14;
T_4.8 ;
    %load/vec4 v000000000086c100_0;
    %load/vec4 v000000000086b980_0;
    %or;
    %inv;
    %store/vec4 v000000000086c240_0, 0, 32;
    %jmp T_4.14;
T_4.9 ;
    %load/vec4 v000000000086b980_0;
    %store/vec4 v000000000091c330_0, 0, 32;
    %pushi/vec4 0, 0, 32;
    %store/vec4 v000000000086b5c0_0, 0, 32;
T_4.15 ;
    %load/vec4 v000000000086b5c0_0;
    %load/vec4 v000000000086b840_0;
    %pad/u 32;
    %cmp/u;
    %jmp/0xz T_4.16, 5;
    %load/vec4 v000000000091c330_0;
    %parti/s 1, 31, 6;
    %load/vec4 v000000000091c330_0;
    %parti/s 31, 1, 2;
    %concat/vec4; draw_concat_vec4
    %store/vec4 v000000000091c330_0, 0, 32;
    %load/vec4 v000000000086b5c0_0;
    %addi 1, 0, 32;
    %store/vec4 v000000000086b5c0_0, 0, 32;
    %jmp T_4.15;
T_4.16 ;
    %load/vec4 v000000000091c330_0;
    %store/vec4 v000000000086c240_0, 0, 32;
    %jmp T_4.14;
T_4.10 ;
    %load/vec4 v000000000086b980_0;
    %ix/getv 4, v000000000086b840_0;
    %shiftr 4;
    %store/vec4 v000000000086c240_0, 0, 32;
    %jmp T_4.14;
T_4.11 ;
    %load/vec4 v000000000086b980_0;
    %ix/getv 4, v000000000086b840_0;
    %shiftl 4;
    %store/vec4 v000000000086c240_0, 0, 32;
    %jmp T_4.14;
T_4.12 ;
    %load/vec4 v000000000086c100_0;
    %load/vec4 v000000000086b980_0;
    %cmp/u;
    %jmp/0xz  T_4.17, 5;
    %pushi/vec4 1, 0, 32;
    %store/vec4 v000000000086c240_0, 0, 32;
    %jmp T_4.18;
T_4.17 ;
    %pushi/vec4 0, 0, 32;
    %store/vec4 v000000000086c240_0, 0, 32;
T_4.18 ;
    %jmp T_4.14;
T_4.13 ;
    %load/vec4 v000000000086bb60_0;
    %load/vec4 v000000000086bc00_0;
    %cmp/s;
    %jmp/0xz  T_4.19, 5;
    %pushi/vec4 1, 0, 32;
    %store/vec4 v000000000086c240_0, 0, 32;
    %jmp T_4.20;
T_4.19 ;
    %pushi/vec4 0, 0, 32;
    %store/vec4 v000000000086c240_0, 0, 32;
T_4.20 ;
    %jmp T_4.14;
T_4.14 ;
    %pop/vec4 1;
    %jmp T_4.1;
T_4.0 ;
    %load/vec4 v000000000086b700_0;
    %parti/s 1, 15, 5;
    %replicate 16;
    %load/vec4 v000000000086b700_0;
    %concat/vec4; draw_concat_vec4
    %store/vec4 v000000000086bac0_0, 0, 32;
    %pushi/vec4 0, 0, 16;
    %load/vec4 v000000000086b700_0;
    %concat/vec4; draw_concat_vec4
    %store/vec4 v000000000091b2f0_0, 0, 32;
    %load/vec4 v000000000086bca0_0;
    %dup/vec4;
    %pushi/vec4 8, 0, 6;
    %cmp/u;
    %jmp/1 T_4.21, 6;
    %dup/vec4;
    %pushi/vec4 9, 0, 6;
    %cmp/u;
    %jmp/1 T_4.22, 6;
    %dup/vec4;
    %pushi/vec4 18, 0, 6;
    %cmp/u;
    %jmp/1 T_4.23, 6;
    %dup/vec4;
    %pushi/vec4 4, 0, 6;
    %cmp/u;
    %jmp/1 T_4.24, 6;
    %dup/vec4;
    %pushi/vec4 5, 0, 6;
    %cmp/u;
    %jmp/1 T_4.25, 6;
    %dup/vec4;
    %pushi/vec4 21, 0, 6;
    %cmp/u;
    %jmp/1 T_4.26, 6;
    %dup/vec4;
    %pushi/vec4 19, 0, 6;
    %cmp/u;
    %jmp/1 T_4.27, 6;
    %dup/vec4;
    %pushi/vec4 10, 0, 6;
    %cmp/u;
    %jmp/1 T_4.28, 6;
    %dup/vec4;
    %pushi/vec4 11, 0, 6;
    %cmp/u;
    %jmp/1 T_4.29, 6;
    %dup/vec4;
    %pushi/vec4 40, 0, 6;
    %cmp/u;
    %jmp/1 T_4.30, 6;
    %dup/vec4;
    %pushi/vec4 41, 0, 6;
    %cmp/u;
    %jmp/1 T_4.31, 6;
    %dup/vec4;
    %pushi/vec4 43, 0, 6;
    %cmp/u;
    %jmp/1 T_4.32, 6;
    %dup/vec4;
    %pushi/vec4 35, 0, 6;
    %cmp/u;
    %jmp/1 T_4.33, 6;
    %dup/vec4;
    %pushi/vec4 36, 0, 6;
    %cmp/u;
    %jmp/1 T_4.34, 6;
    %dup/vec4;
    %pushi/vec4 37, 0, 6;
    %cmp/u;
    %jmp/1 T_4.35, 6;
    %dup/vec4;
    %pushi/vec4 48, 0, 6;
    %cmp/u;
    %jmp/1 T_4.36, 6;
    %jmp T_4.37;
T_4.21 ;
    %load/vec4 v000000000086bb60_0;
    %load/vec4 v000000000086bac0_0;
    %add;
    %store/vec4 v000000000086c240_0, 0, 32;
    %jmp T_4.37;
T_4.22 ;
    %load/vec4 v000000000086c100_0;
    %load/vec4 v000000000086bac0_0;
    %add;
    %store/vec4 v000000000086c240_0, 0, 32;
    %jmp T_4.37;
T_4.23 ;
    %load/vec4 v000000000086c100_0;
    %load/vec4 v000000000091b2f0_0;
    %and;
    %store/vec4 v000000000086c240_0, 0, 32;
    %jmp T_4.37;
T_4.24 ;
    %load/vec4 v000000000086bb60_0;
    %load/vec4 v000000000086bc00_0;
    %sub;
    %store/vec4 v000000000086c240_0, 0, 32;
    %load/vec4 v000000000086c240_0;
    %cmpi/e 0, 0, 32;
    %jmp/0xz  T_4.38, 4;
    %pushi/vec4 1, 0, 1;
    %store/vec4 v000000000086b8e0_0, 0, 1;
    %jmp T_4.39;
T_4.38 ;
    %pushi/vec4 0, 0, 1;
    %store/vec4 v000000000086b8e0_0, 0, 1;
T_4.39 ;
    %jmp T_4.37;
T_4.25 ;
    %load/vec4 v000000000086bb60_0;
    %load/vec4 v000000000086bc00_0;
    %sub;
    %store/vec4 v000000000086c240_0, 0, 32;
    %load/vec4 v000000000086c240_0;
    %cmpi/ne 0, 0, 32;
    %jmp/0xz  T_4.40, 4;
    %pushi/vec4 1, 0, 1;
    %store/vec4 v000000000086b8e0_0, 0, 1;
    %pushi/vec4 0, 0, 32;
    %store/vec4 v000000000086c240_0, 0, 32;
    %jmp T_4.41;
T_4.40 ;
    %pushi/vec4 0, 0, 1;
    %store/vec4 v000000000086b8e0_0, 0, 1;
T_4.41 ;
    %jmp T_4.37;
T_4.26 ;
    %load/vec4 v000000000086b700_0;
    %concati/vec4 0, 0, 16;
    %store/vec4 v000000000086c240_0, 0, 32;
    %jmp T_4.37;
T_4.27 ;
    %load/vec4 v000000000086c100_0;
    %load/vec4 v000000000091b2f0_0;
    %or;
    %store/vec4 v000000000086c240_0, 0, 32;
    %jmp T_4.37;
T_4.28 ;
    %load/vec4 v000000000086bb60_0;
    %load/vec4 v000000000086bac0_0;
    %cmp/s;
    %jmp/0xz  T_4.42, 5;
    %pushi/vec4 1, 0, 32;
    %store/vec4 v000000000086c240_0, 0, 32;
    %jmp T_4.43;
T_4.42 ;
    %pushi/vec4 0, 0, 32;
    %store/vec4 v000000000086c240_0, 0, 32;
T_4.43 ;
    %jmp T_4.37;
T_4.29 ;
    %load/vec4 v000000000086c100_0;
    %load/vec4 v000000000086bac0_0;
    %cmp/u;
    %jmp/0xz  T_4.44, 5;
    %pushi/vec4 1, 0, 32;
    %store/vec4 v000000000086c240_0, 0, 32;
    %jmp T_4.45;
T_4.44 ;
    %pushi/vec4 0, 0, 32;
    %store/vec4 v000000000086c240_0, 0, 32;
T_4.45 ;
    %jmp T_4.37;
T_4.30 ;
    %load/vec4 v000000000086bb60_0;
    %load/vec4 v000000000086bac0_0;
    %add;
    %store/vec4 v000000000086c240_0, 0, 32;
    %jmp T_4.37;
T_4.31 ;
    %load/vec4 v000000000086bb60_0;
    %load/vec4 v000000000086bac0_0;
    %add;
    %store/vec4 v000000000086c240_0, 0, 32;
    %jmp T_4.37;
T_4.32 ;
    %load/vec4 v000000000086bb60_0;
    %load/vec4 v000000000086bac0_0;
    %add;
    %store/vec4 v000000000086c240_0, 0, 32;
    %jmp T_4.37;
T_4.33 ;
    %load/vec4 v000000000086bb60_0;
    %load/vec4 v000000000086bac0_0;
    %add;
    %store/vec4 v000000000086c240_0, 0, 32;
    %jmp T_4.37;
T_4.34 ;
    %load/vec4 v000000000086bb60_0;
    %load/vec4 v000000000086bac0_0;
    %add;
    %store/vec4 v000000000086c240_0, 0, 32;
    %jmp T_4.37;
T_4.35 ;
    %load/vec4 v000000000086bb60_0;
    %load/vec4 v000000000086bac0_0;
    %add;
    %store/vec4 v000000000086c240_0, 0, 32;
    %jmp T_4.37;
T_4.36 ;
    %load/vec4 v000000000086bb60_0;
    %load/vec4 v000000000086bac0_0;
    %add;
    %store/vec4 v000000000086c240_0, 0, 32;
    %jmp T_4.37;
T_4.37 ;
    %pop/vec4 1;
T_4.1 ;
    %jmp T_4;
    .thread T_4, $push;
    .scope S_000000000087a990;
T_5 ;
    %vpi_call 4 180 "$monitor", "Opcode : %6b, RS : %32b, RT : %32b, signExtendImm = %32b, Result : %32b\012", v000000000086bca0_0, v000000000086c100_0, v000000000086b980_0, v000000000086bac0_0, v000000000086c240_0 {0 0 0};
    %end;
    .thread T_5;
    .scope S_000000000089b780;
T_6 ;
    %vpi_call 6 15 "$readmemb", "data.mem", v000000000091be30, 32'sb00000000000000000000000000111111, 32'sb00000000000000000000000000000000 {0 0 0};
    %end;
    .thread T_6;
    .scope S_000000000089b780;
T_7 ;
    %wait E_00000000008b7ca0;
    %load/vec4 v000000000091c0b0_0;
    %flag_set/vec4 8;
    %jmp/0xz  T_7.0, 8;
    %load/vec4 v000000000091c010_0;
    %cmpi/e 40, 0, 6;
    %jmp/0xz  T_7.2, 4;
    %load/vec4 v000000000091bc50_0;
    %parti/s 8, 0, 2;
    %ix/getv 4, v000000000091b250_0;
    %flag_mov 8, 4;
    %ix/load 5, 0, 0;
    %flag_set/imm 4, 0;
    %flag_or 4, 8;
    %store/vec4a v000000000091be30, 4, 5;
    %jmp T_7.3;
T_7.2 ;
    %load/vec4 v000000000091c010_0;
    %cmpi/e 41, 0, 6;
    %jmp/0xz  T_7.4, 4;
    %load/vec4 v000000000091bc50_0;
    %parti/s 16, 0, 2;
    %ix/getv 4, v000000000091b250_0;
    %flag_mov 8, 4;
    %ix/load 5, 0, 0;
    %flag_set/imm 4, 0;
    %flag_or 4, 8;
    %store/vec4a v000000000091be30, 4, 5;
    %jmp T_7.5;
T_7.4 ;
    %load/vec4 v000000000091bc50_0;
    %ix/getv 4, v000000000091b250_0;
    %store/vec4a v000000000091be30, 4, 0;
T_7.5 ;
T_7.3 ;
    %vpi_call 6 30 "$writememb", "data.mem", v000000000091be30 {0 0 0};
T_7.0 ;
    %jmp T_7;
    .thread T_7, $push;
    .scope S_000000000089b780;
T_8 ;
    %wait E_00000000008b7ca0;
    %load/vec4 v000000000091c470_0;
    %flag_set/vec4 8;
    %jmp/0xz  T_8.0, 8;
    %ix/getv 4, v000000000091b250_0;
    %load/vec4a v000000000091be30, 4;
    %store/vec4 v000000000091c6f0_0, 0, 32;
T_8.0 ;
    %jmp T_8;
    .thread T_8, $push;
    .scope S_000000000087ab20;
T_9 ;
    %vpi_call 5 15 "$readmemb", "registers.mem", v000000000091b750, 32'sb00000000000000000000000000011111, 32'sb00000000000000000000000000000000 {0 0 0};
    %end;
    .thread T_9;
    .scope S_000000000087ab20;
T_10 ;
    %wait E_00000000008b7ca0;
    %load/vec4 v000000000091bed0_0;
    %flag_set/vec4 8;
    %jmp/0xz  T_10.0, 8;
    %load/vec4 v000000000091b1b0_0;
    %flag_set/vec4 8;
    %jmp/0xz  T_10.2, 8;
    %load/vec4 v000000000091b930_0;
    %cmpi/e 36, 0, 6;
    %jmp/0xz  T_10.4, 4;
    %load/vec4 v000000000091c3d0_0;
    %parti/s 8, 0, 2;
    %load/vec4 v000000000091b390_0;
    %pad/u 7;
    %ix/vec4 4;
    %flag_mov 8, 4;
    %ix/load 5, 0, 0;
    %flag_set/imm 4, 0;
    %flag_or 4, 8;
    %store/vec4a v000000000091b750, 4, 5;
T_10.4 ;
    %load/vec4 v000000000091b930_0;
    %cmpi/e 37, 0, 6;
    %jmp/0xz  T_10.6, 4;
    %load/vec4 v000000000091c3d0_0;
    %parti/s 16, 0, 2;
    %load/vec4 v000000000091b390_0;
    %pad/u 7;
    %ix/vec4 4;
    %flag_mov 8, 4;
    %ix/load 5, 0, 0;
    %flag_set/imm 4, 0;
    %flag_or 4, 8;
    %store/vec4a v000000000091b750, 4, 5;
    %jmp T_10.7;
T_10.6 ;
    %load/vec4 v000000000091c3d0_0;
    %load/vec4 v000000000091b390_0;
    %pad/u 7;
    %ix/vec4 4;
    %store/vec4a v000000000091b750, 4, 0;
T_10.7 ;
    %jmp T_10.3;
T_10.2 ;
    %load/vec4 v000000000091b930_0;
    %cmpi/e 36, 0, 6;
    %jmp/0xz  T_10.8, 4;
    %load/vec4 v000000000091c3d0_0;
    %parti/s 8, 0, 2;
    %load/vec4 v000000000091cbf0_0;
    %pad/u 7;
    %ix/vec4 4;
    %flag_mov 8, 4;
    %ix/load 5, 0, 0;
    %flag_set/imm 4, 0;
    %flag_or 4, 8;
    %store/vec4a v000000000091b750, 4, 5;
T_10.8 ;
    %load/vec4 v000000000091b930_0;
    %cmpi/e 37, 0, 6;
    %jmp/0xz  T_10.10, 4;
    %load/vec4 v000000000091c3d0_0;
    %parti/s 16, 0, 2;
    %load/vec4 v000000000091cbf0_0;
    %pad/u 7;
    %ix/vec4 4;
    %flag_mov 8, 4;
    %ix/load 5, 0, 0;
    %flag_set/imm 4, 0;
    %flag_or 4, 8;
    %store/vec4a v000000000091b750, 4, 5;
    %jmp T_10.11;
T_10.10 ;
    %load/vec4 v000000000091c3d0_0;
    %load/vec4 v000000000091cbf0_0;
    %pad/u 7;
    %ix/vec4 4;
    %store/vec4a v000000000091b750, 4, 0;
T_10.11 ;
T_10.3 ;
    %vpi_call 5 46 "$writememb", "registers.mem", v000000000091b750, 32'sb00000000000000000000000000011111, 32'sb00000000000000000000000000000000 {0 0 0};
T_10.0 ;
    %jmp T_10;
    .thread T_10, $push;
    .scope S_000000000087ab20;
T_11 ;
    %wait E_00000000008b7f20;
    %load/vec4 v000000000091bd90_0;
    %flag_set/vec4 8;
    %jmp/0xz  T_11.0, 8;
    %load/vec4 v000000000091bf70_0;
    %pad/u 7;
    %ix/vec4 4;
    %load/vec4a v000000000091b750, 4;
    %store/vec4 v000000000091ca10_0, 0, 32;
    %load/vec4 v000000000091cbf0_0;
    %pad/u 7;
    %ix/vec4 4;
    %load/vec4a v000000000091b750, 4;
    %store/vec4 v000000000091b9d0_0, 0, 32;
T_11.0 ;
    %jmp T_11;
    .thread T_11, $push;
    .scope S_00000000008bba40;
T_12 ;
    %pushi/vec4 0, 0, 32;
    %store/vec4 v000000000091cf10_0, 0, 32;
    %end;
    .thread T_12;
    .scope S_00000000008bba40;
T_13 ;
    %wait E_00000000008b7b60;
    %load/vec4 v0000000000920200_0;
    %cmpi/e 2, 0, 6;
    %jmp/0xz  T_13.0, 4;
    %load/vec4 v000000000091b7f0_0;
    %pad/u 32;
    %store/vec4 v000000000091cf10_0, 0, 32;
    %jmp T_13.1;
T_13.0 ;
    %load/vec4 v0000000000920200_0;
    %pushi/vec4 0, 0, 6;
    %cmp/e;
    %flag_get/vec4 4;
    %load/vec4 v0000000000920e80_0;
    %pushi/vec4 8, 0, 6;
    %cmp/e;
    %flag_get/vec4 4;
    %and;
    %flag_set/vec4 8;
    %jmp/0xz  T_13.2, 8;
    %load/vec4 v000000000091f8a0_0;
    %store/vec4 v000000000091cf10_0, 0, 32;
    %jmp T_13.3;
T_13.2 ;
    %load/vec4 v0000000000920700_0;
    %pushi/vec4 0, 0, 32;
    %cmp/e;
    %flag_get/vec4 4;
    %load/vec4 v000000000091b890_0;
    %pad/u 32;
    %pushi/vec4 1, 0, 32;
    %cmp/e;
    %flag_get/vec4 4;
    %and;
    %flag_set/vec4 8;
    %jmp/0xz  T_13.4, 8;
    %load/vec4 v000000000091cf10_0;
    %addi 1, 0, 32;
    %load/vec4 v00000000009212e0_0;
    %pad/u 32;
    %add;
    %store/vec4 v000000000091cf10_0, 0, 32;
    %jmp T_13.5;
T_13.4 ;
    %load/vec4 v000000000091cf10_0;
    %addi 1, 0, 32;
    %store/vec4 v000000000091cf10_0, 0, 32;
T_13.5 ;
T_13.3 ;
T_13.1 ;
    %jmp T_13;
    .thread T_13;
    .scope S_00000000008bb530;
T_14 ;
    %pushi/vec4 0, 0, 1;
    %store/vec4 v00000000009211a0_0, 0, 1;
    %end;
    .thread T_14;
    .scope S_00000000008bb530;
T_15 ;
    %delay 100, 0;
    %load/vec4 v00000000009211a0_0;
    %inv;
    %store/vec4 v00000000009211a0_0, 0, 1;
    %delay 100, 0;
    %load/vec4 v00000000009211a0_0;
    %inv;
    %store/vec4 v00000000009211a0_0, 0, 1;
    %delay 100, 0;
    %load/vec4 v00000000009211a0_0;
    %inv;
    %store/vec4 v00000000009211a0_0, 0, 1;
    %delay 100, 0;
    %load/vec4 v00000000009211a0_0;
    %inv;
    %store/vec4 v00000000009211a0_0, 0, 1;
    %delay 100, 0;
    %load/vec4 v00000000009211a0_0;
    %inv;
    %store/vec4 v00000000009211a0_0, 0, 1;
    %delay 100, 0;
    %load/vec4 v00000000009211a0_0;
    %inv;
    %store/vec4 v00000000009211a0_0, 0, 1;
    %delay 100, 0;
    %load/vec4 v00000000009211a0_0;
    %inv;
    %store/vec4 v00000000009211a0_0, 0, 1;
    %delay 100, 0;
    %load/vec4 v00000000009211a0_0;
    %inv;
    %store/vec4 v00000000009211a0_0, 0, 1;
    %delay 100, 0;
    %load/vec4 v00000000009211a0_0;
    %inv;
    %store/vec4 v00000000009211a0_0, 0, 1;
    %delay 100, 0;
    %load/vec4 v00000000009211a0_0;
    %inv;
    %store/vec4 v00000000009211a0_0, 0, 1;
    %delay 100, 0;
    %load/vec4 v00000000009211a0_0;
    %inv;
    %store/vec4 v00000000009211a0_0, 0, 1;
    %delay 100, 0;
    %load/vec4 v00000000009211a0_0;
    %inv;
    %store/vec4 v00000000009211a0_0, 0, 1;
    %delay 100, 0;
    %load/vec4 v00000000009211a0_0;
    %inv;
    %store/vec4 v00000000009211a0_0, 0, 1;
    %delay 100, 0;
    %load/vec4 v00000000009211a0_0;
    %inv;
    %store/vec4 v00000000009211a0_0, 0, 1;
    %delay 100, 0;
    %load/vec4 v00000000009211a0_0;
    %inv;
    %store/vec4 v00000000009211a0_0, 0, 1;
    %delay 100, 0;
    %load/vec4 v00000000009211a0_0;
    %inv;
    %store/vec4 v00000000009211a0_0, 0, 1;
    %delay 100, 0;
    %load/vec4 v00000000009211a0_0;
    %inv;
    %store/vec4 v00000000009211a0_0, 0, 1;
    %delay 100, 0;
    %load/vec4 v00000000009211a0_0;
    %inv;
    %store/vec4 v00000000009211a0_0, 0, 1;
    %end;
    .thread T_15;
# The file index is used to find the file name in the following table.
:file_names 10;
    "N/A";
    "<interactive>";
    "MIPS_tb.v";
    "./MIPS_core.v";
    "./ALU32bit.v";
    "./Read_Registers.v";
    "./Read_mem.v";
    "./Read_ins.v";
    "./Ins_parse.v";
    "./Control_Unit.v";
